
Started Import Process
# System Details: 
Debug Mode 		: Disabled
Operating System 	: WINNT
Software 		: Apache/2.4.54 (Win64) PHP/8.0.26 mod_fcgid/2.3.10-dev
MySQL version 		: 8.0.31
XML Reader 		: Yes
PHP Version 		: 8.0.26
PHP Max Input Vars 	: 2500
PHP Max Post Size 	: 8M
PHP Extension GD 	: Yes
PHP Max Execution Time 	: 120
Max Upload Size 	: 2 MB
Memory Limit 		: Current memory limit 40M. We recommend setting memory to at least 64M.
Timezone 		: 0

-----

Importing Started! - 16:04:32 UTC
---

WHY IMPORT PROCESS CAN FAIL? READ THIS - 
https://wpastra.com/docs/?p=1314&utm_source=demo-import-panel&utm_campaign=import-error&utm_medium=wp-dashboard

---
